# JRE version: Java(TM) SE Runtime Environment (17.0.12+8) (build 17.0.12+8-LTS-286)
# Java VM: Java HotSpot(TM) 64-Bit Server VM (17.0.12+8-LTS-286, mixed mode, sharing, tiered, compressed oops, compressed class ptrs, g1 gc, windows-amd64)
GC Precious Log:
 CPUs: 16 total, 16 available
 Memory: 7597M
 Large Page Support: Disabled
 NUMA Support: Disabled
 Compressed Oops: Enabled (32-bit)
 Heap Region Size: 1M
 Heap Min Capacity: 256M
 Heap Initial Capacity: 256M
 Heap Max Capacity: 512M
 Pre-touch: Disabled
 Parallel Workers: 13
 Concurrent Workers: 3
 Concurrent Refinement Workers: 13
 Periodic GC: Disabled
Heap:
 garbage-first heap   total 416768K, used 361616K [0x00000000e0000000, 0x0000000100000000)
  region size 1024K, 51 young (52224K), 5 survivors (5120K)
 Metaspace       used 305210K, committed 306880K, reserved 655360K
  class space    used 39258K, committed 40064K, reserved 327680K
GC Heap History (20 events):
Event: 120.105 GC heap before
{Heap before GC invocations=68 (full 0):
 garbage-first heap   total 416768K, used 353280K [0x00000000e0000000, 0x0000000100000000)
  region size 1024K, 102 young (104448K), 14 survivors (14336K)
 Metaspace       used 265954K, committed 267392K, reserved 589824K
  class space    used 34295K, committed 35008K, reserved 327680K
}
Event: 120.125 GC heap after
{Heap after GC invocations=69 (full 0):
 garbage-first heap   total 416768K, used 269285K [0x00000000e0000000, 0x0000000100000000)
  region size 1024K, 7 young (7168K), 7 survivors (7168K)
 Metaspace       used 265954K, committed 267392K, reserved 589824K
  class space    used 34295K, committed 35008K, reserved 327680K
}
Event: 122.594 GC heap before
{Heap before GC invocations=69 (full 0):
 garbage-first heap   total 416768K, used 354277K [0x00000000e0000000, 0x0000000100000000)
  region size 1024K, 91 young (93184K), 7 survivors (7168K)
 Metaspace       used 271114K, committed 272576K, reserved 589824K
  class space    used 34804K, committed 35520K, reserved 327680K
}
Event: 122.604 GC heap after
{Heap after GC invocations=70 (full 0):
 garbage-first heap   total 416768K, used 271775K [0x00000000e0000000, 0x0000000100000000)
  region size 1024K, 9 young (9216K), 9 survivors (9216K)
 Metaspace       used 271114K, committed 272576K, reserved 589824K
  class space    used 34804K, committed 35520K, reserved 327680K
}
Event: 140.672 GC heap before
{Heap before GC invocations=70 (full 0):
 garbage-first heap   total 416768K, used 357791K [0x00000000e0000000, 0x0000000100000000)
  region size 1024K, 93 young (95232K), 9 survivors (9216K)
 Metaspace       used 278484K, committed 279936K, reserved 589824K
  class space    used 35658K, committed 36352K, reserved 327680K
}
Event: 140.693 GC heap after
{Heap after GC invocations=71 (full 0):
 garbage-first heap   total 416768K, used 276475K [0x00000000e0000000, 0x0000000100000000)
  region size 1024K, 9 young (9216K), 9 survivors (9216K)
 Metaspace       used 278484K, committed 279936K, reserved 589824K
  class space    used 35658K, committed 36352K, reserved 327680K
}
Event: 144.656 GC heap before
{Heap before GC invocations=71 (full 0):
 garbage-first heap   total 416768K, used 357371K [0x00000000e0000000, 0x0000000100000000)
  region size 1024K, 88 young (90112K), 9 survivors (9216K)
 Metaspace       used 284355K, committed 285824K, reserved 589824K
  class space    used 36604K, committed 37312K, reserved 327680K
}
Event: 144.671 GC heap after
{Heap after GC invocations=72 (full 0):
 garbage-first heap   total 416768K, used 281084K [0x00000000e0000000, 0x0000000100000000)
  region size 1024K, 10 young (10240K), 10 survivors (10240K)
 Metaspace       used 284355K, committed 285824K, reserved 589824K
  class space    used 36604K, committed 37312K, reserved 327680K
}
Event: 267.577 GC heap before
{Heap before GC invocations=72 (full 0):
 garbage-first heap   total 416768K, used 356860K [0x00000000e0000000, 0x0000000100000000)
  region size 1024K, 85 young (87040K), 10 survivors (10240K)
 Metaspace       used 290503K, committed 291904K, reserved 589824K
  class space    used 37148K, committed 37824K, reserved 327680K
}
Event: 267.907 GC heap after
{Heap after GC invocations=73 (full 0):
 garbage-first heap   total 416768K, used 285688K [0x00000000e0000000, 0x0000000100000000)
  region size 1024K, 10 young (10240K), 10 survivors (10240K)
 Metaspace       used 290503K, committed 291904K, reserved 589824K
  class space    used 37148K, committed 37824K, reserved 327680K
}
Event: 464.972 GC heap before
{Heap before GC invocations=73 (full 0):
 garbage-first heap   total 416768K, used 357368K [0x00000000e0000000, 0x0000000100000000)
  region size 1024K, 81 young (82944K), 10 survivors (10240K)
 Metaspace       used 294297K, committed 295808K, reserved 589824K
  class space    used 37704K, committed 38400K, reserved 327680K
}
Event: 465.162 GC heap after
{Heap after GC invocations=74 (full 0):
 garbage-first heap   total 416768K, used 289378K [0x00000000e0000000, 0x0000000100000000)
  region size 1024K, 8 young (8192K), 8 survivors (8192K)
 Metaspace       used 294297K, committed 295808K, reserved 589824K
  class space    used 37704K, committed 38400K, reserved 327680K
}
Event: 470.979 GC heap before
{Heap before GC invocations=74 (full 0):
 garbage-first heap   total 416768K, used 366178K [0x00000000e0000000, 0x0000000100000000)
  region size 1024K, 77 young (78848K), 8 survivors (8192K)
 Metaspace       used 297516K, committed 299072K, reserved 589824K
  class space    used 38187K, committed 38912K, reserved 327680K
}
Event: 471.019 GC heap after
{Heap after GC invocations=75 (full 0):
 garbage-first heap   total 416768K, used 303236K [0x00000000e0000000, 0x0000000100000000)
  region size 1024K, 10 young (10240K), 10 survivors (10240K)
 Metaspace       used 297516K, committed 299072K, reserved 589824K
  class space    used 38187K, committed 38912K, reserved 327680K
}
Event: 473.501 GC heap before
{Heap before GC invocations=75 (full 0):
 garbage-first heap   total 416768K, used 360580K [0x00000000e0000000, 0x0000000100000000)
  region size 1024K, 66 young (67584K), 10 survivors (10240K)
 Metaspace       used 301662K, committed 303232K, reserved 655360K
  class space    used 38780K, committed 39552K, reserved 327680K
}
Event: 473.540 GC heap after
{Heap after GC invocations=76 (full 0):
 garbage-first heap   total 416768K, used 307182K [0x00000000e0000000, 0x0000000100000000)
  region size 1024K, 4 young (4096K), 4 survivors (4096K)
 Metaspace       used 301662K, committed 303232K, reserved 655360K
  class space    used 38780K, committed 39552K, reserved 327680K
}
Event: 476.342 GC heap before
{Heap before GC invocations=76 (full 0):
 garbage-first heap   total 416768K, used 360430K [0x00000000e0000000, 0x0000000100000000)
  region size 1024K, 57 young (58368K), 4 survivors (4096K)
 Metaspace       used 303105K, committed 304704K, reserved 655360K
  class space    used 38955K, committed 39744K, reserved 327680K
}
Event: 476.365 GC heap after
{Heap after GC invocations=77 (full 0):
 garbage-first heap   total 416768K, used 311410K [0x00000000e0000000, 0x0000000100000000)
  region size 1024K, 8 young (8192K), 8 survivors (8192K)
 Metaspace       used 303105K, committed 304704K, reserved 655360K
  class space    used 38955K, committed 39744K, reserved 327680K
}
Event: 480.653 GC heap before
{Heap before GC invocations=77 (full 0):
 garbage-first heap   total 416768K, used 360562K [0x00000000e0000000, 0x0000000100000000)
  region size 1024K, 57 young (58368K), 8 survivors (8192K)
 Metaspace       used 304727K, committed 306368K, reserved 655360K
  class space    used 39194K, committed 40000K, reserved 327680K
}
Event: 480.686 GC heap after
{Heap after GC invocations=78 (full 0):
 garbage-first heap   total 416768K, used 315536K [0x00000000e0000000, 0x0000000100000000)
  region size 1024K, 5 young (5120K), 5 survivors (5120K)
 Metaspace       used 304727K, committed 306368K, reserved 655360K
  class space    used 39194K, committed 40000K, reserved 327680K
}

