# JRE version: Java(TM) SE Runtime Environment (17.0.12+8) (build 17.0.12+8-LTS-286)
# Java VM: Java HotSpot(TM) 64-Bit Server VM (17.0.12+8-LTS-286, mixed mode, sharing, tiered, compressed oops, compressed class ptrs, g1 gc, windows-amd64)
GC Precious Log:
 CPUs: 16 total, 16 available
 Memory: 7597M
 Large Page Support: Disabled
 NUMA Support: Disabled
 Compressed Oops: Enabled (32-bit)
 Heap Region Size: 1M
 Heap Min Capacity: 256M
 Heap Initial Capacity: 256M
 Heap Max Capacity: 512M
 Pre-touch: Disabled
 Parallel Workers: 13
 Concurrent Workers: 3
 Concurrent Refinement Workers: 13
 Periodic GC: Disabled
Heap:
 garbage-first heap   total 262144K, used 163714K [0x00000000e0000000, 0x0000000100000000)
  region size 1024K, 26 young (26624K), 2 survivors (2048K)
 Metaspace       used 104109K, committed 105600K, reserved 458752K
  class space    used 14384K, committed 15104K, reserved 327680K
GC Heap History (20 events):
Event: 206.088 GC heap before
{Heap before GC invocations=18 (full 0):
 garbage-first heap   total 262144K, used 205573K [0x00000000e0000000, 0x0000000100000000)
  region size 1024K, 118 young (120832K), 11 survivors (11264K)
 Metaspace       used 86859K, committed 88064K, reserved 458752K
  class space    used 12117K, committed 12672K, reserved 327680K
}
Event: 206.115 GC heap after
{Heap after GC invocations=19 (full 0):
 garbage-first heap   total 262144K, used 100271K [0x00000000e0000000, 0x0000000100000000)
  region size 1024K, 6 young (6144K), 6 survivors (6144K)
 Metaspace       used 86859K, committed 88064K, reserved 458752K
  class space    used 12117K, committed 12672K, reserved 327680K
}
Event: 211.659 GC heap before
{Heap before GC invocations=19 (full 0):
 garbage-first heap   total 262144K, used 214959K [0x00000000e0000000, 0x0000000100000000)
  region size 1024K, 113 young (115712K), 6 survivors (6144K)
 Metaspace       used 88460K, committed 89728K, reserved 458752K
  class space    used 12297K, committed 12864K, reserved 327680K
}
Event: 211.678 GC heap after
{Heap after GC invocations=20 (full 0):
 garbage-first heap   total 262144K, used 112735K [0x00000000e0000000, 0x0000000100000000)
  region size 1024K, 14 young (14336K), 14 survivors (14336K)
 Metaspace       used 88460K, committed 89728K, reserved 458752K
  class space    used 12297K, committed 12864K, reserved 327680K
}
Event: 216.063 GC heap before
{Heap before GC invocations=20 (full 0):
 garbage-first heap   total 262144K, used 214111K [0x00000000e0000000, 0x0000000100000000)
  region size 1024K, 108 young (110592K), 14 survivors (14336K)
 Metaspace       used 93853K, committed 95168K, reserved 458752K
  class space    used 12963K, committed 13568K, reserved 327680K
}
Event: 216.091 GC heap after
{Heap after GC invocations=21 (full 0):
 garbage-first heap   total 262144K, used 120737K [0x00000000e0000000, 0x0000000100000000)
  region size 1024K, 7 young (7168K), 7 survivors (7168K)
 Metaspace       used 93853K, committed 95168K, reserved 458752K
  class space    used 12963K, committed 13568K, reserved 327680K
}
Event: 221.856 GC heap before
{Heap before GC invocations=21 (full 0):
 garbage-first heap   total 262144K, used 213921K [0x00000000e0000000, 0x0000000100000000)
  region size 1024K, 95 young (97280K), 7 survivors (7168K)
 Metaspace       used 99246K, committed 100608K, reserved 458752K
  class space    used 13668K, committed 14336K, reserved 327680K
}
Event: 221.879 GC heap after
{Heap after GC invocations=22 (full 0):
 garbage-first heap   total 262144K, used 127757K [0x00000000e0000000, 0x0000000100000000)
  region size 1024K, 4 young (4096K), 4 survivors (4096K)
 Metaspace       used 99246K, committed 100608K, reserved 458752K
  class space    used 13668K, committed 14336K, reserved 327680K
}
Event: 222.778 GC heap before
{Heap before GC invocations=22 (full 0):
 garbage-first heap   total 262144K, used 145165K [0x00000000e0000000, 0x0000000100000000)
  region size 1024K, 22 young (22528K), 4 survivors (4096K)
 Metaspace       used 100357K, committed 101696K, reserved 458752K
  class space    used 13803K, committed 14464K, reserved 327680K
}
Event: 222.797 GC heap after
{Heap after GC invocations=23 (full 0):
 garbage-first heap   total 262144K, used 127963K [0x00000000e0000000, 0x0000000100000000)
  region size 1024K, 4 young (4096K), 4 survivors (4096K)
 Metaspace       used 100357K, committed 101696K, reserved 458752K
  class space    used 13803K, committed 14464K, reserved 327680K
}
Event: 227.167 GC heap before
{Heap before GC invocations=24 (full 0):
 garbage-first heap   total 262144K, used 217051K [0x00000000e0000000, 0x0000000100000000)
  region size 1024K, 91 young (93184K), 4 survivors (4096K)
 Metaspace       used 102439K, committed 103872K, reserved 458752K
  class space    used 14157K, committed 14848K, reserved 327680K
}
Event: 227.179 GC heap after
{Heap after GC invocations=25 (full 0):
 garbage-first heap   total 262144K, used 133113K [0x00000000e0000000, 0x0000000100000000)
  region size 1024K, 9 young (9216K), 9 survivors (9216K)
 Metaspace       used 102439K, committed 103872K, reserved 458752K
  class space    used 14157K, committed 14848K, reserved 327680K
}
Event: 227.249 GC heap before
{Heap before GC invocations=25 (full 0):
 garbage-first heap   total 262144K, used 136185K [0x00000000e0000000, 0x0000000100000000)
  region size 1024K, 12 young (12288K), 9 survivors (9216K)
 Metaspace       used 102458K, committed 103872K, reserved 458752K
  class space    used 14160K, committed 14848K, reserved 327680K
}
Event: 227.273 GC heap after
{Heap after GC invocations=26 (full 0):
 garbage-first heap   total 262144K, used 132703K [0x00000000e0000000, 0x0000000100000000)
  region size 1024K, 2 young (2048K), 2 survivors (2048K)
 Metaspace       used 102458K, committed 103872K, reserved 458752K
  class space    used 14160K, committed 14848K, reserved 327680K
}
Event: 236.651 GC heap before
{Heap before GC invocations=26 (full 0):
 garbage-first heap   total 262144K, used 217695K [0x00000000e0000000, 0x0000000100000000)
  region size 1024K, 85 young (87040K), 2 survivors (2048K)
 Metaspace       used 103507K, committed 104896K, reserved 458752K
  class space    used 14306K, committed 14976K, reserved 327680K
}
Event: 236.660 GC heap after
{Heap after GC invocations=27 (full 0):
 garbage-first heap   total 262144K, used 134763K [0x00000000e0000000, 0x0000000100000000)
  region size 1024K, 4 young (4096K), 4 survivors (4096K)
 Metaspace       used 103507K, committed 104896K, reserved 458752K
  class space    used 14306K, committed 14976K, reserved 327680K
}
Event: 239.921 GC heap before
{Heap before GC invocations=28 (full 0):
 garbage-first heap   total 262144K, used 218731K [0x00000000e0000000, 0x0000000100000000)
  region size 1024K, 86 young (88064K), 4 survivors (4096K)
 Metaspace       used 103914K, committed 105344K, reserved 458752K
  class space    used 14356K, committed 15040K, reserved 327680K
}
Event: 239.934 GC heap after
{Heap after GC invocations=29 (full 0):
 garbage-first heap   total 262144K, used 140935K [0x00000000e0000000, 0x0000000100000000)
  region size 1024K, 10 young (10240K), 10 survivors (10240K)
 Metaspace       used 103914K, committed 105344K, reserved 458752K
  class space    used 14356K, committed 15040K, reserved 327680K
}
Event: 239.989 GC heap before
{Heap before GC invocations=29 (full 0):
 garbage-first heap   total 262144K, used 142983K [0x00000000e0000000, 0x0000000100000000)
  region size 1024K, 12 young (12288K), 10 survivors (10240K)
 Metaspace       used 103931K, committed 105472K, reserved 458752K
  class space    used 14359K, committed 15104K, reserved 327680K
}
Event: 240.003 GC heap after
{Heap after GC invocations=30 (full 0):
 garbage-first heap   total 262144K, used 140162K [0x00000000e0000000, 0x0000000100000000)
  region size 1024K, 2 young (2048K), 2 survivors (2048K)
 Metaspace       used 103931K, committed 105472K, reserved 458752K
  class space    used 14359K, committed 15104K, reserved 327680K
}

