# JRE version: OpenJDK Runtime Environment Temurin-21.0.8+9 (21.0.8+9) (build 21.0.8+9-LTS)
# Java VM: OpenJDK 64-Bit Server VM Temurin-21.0.8+9 (21.0.8+9-LTS, mixed mode, sharing, tiered, compressed oops, compressed class ptrs, parallel gc, windows-amd64)
GC Precious Log:
 CardTable entry size: 512
 CPUs: 16 total, 16 available
 Memory: 7597M
 Large Page Support: Disabled
 NUMA Support: Disabled
 Compressed Oops: Enabled (32-bit)
 Alignments: Space 512K, Generation 512K, Heap 2M
 Heap Min Capacity: 100M
 Heap Initial Capacity: 100M
 Heap Max Capacity: 2G
 Pre-touch: Disabled
 Parallel Workers: 13
Heap:
 PSYoungGen      total 6144K, used 5739K [0x00000000d5580000, 0x00000000d5e00000, 0x0000000100000000)
  eden space 4096K, 100% used [0x00000000d5580000,0x00000000d5980000,0x00000000d5980000)
  from space 2048K, 80% used [0x00000000d5c00000,0x00000000d5d9ac18,0x00000000d5e00000)
  to   space 2048K, 20% used [0x00000000d5980000,0x00000000d59e8000,0x00000000d5b80000)
 ParOldGen       total 1255424K, used 1255417K [0x0000000080000000, 0x00000000cca00000, 0x00000000d5580000)
  object space 1255424K, 99% used [0x0000000080000000,0x00000000cc9fe618,0x00000000cca00000)
 Metaspace       used 91782K, committed 93696K, reserved 1179648K
  class space    used 11266K, committed 12160K, reserved 1048576K
GC Heap History (20 events):
Event: 325.058 GC heap before
{Heap before GC invocations=3194 (full 4):
 PSYoungGen      total 4096K, used 3712K [0x00000000d5580000, 0x00000000d5b80000, 0x0000000100000000)
  eden space 2048K, 100% used [0x00000000d5580000,0x00000000d5780000,0x00000000d5780000)
  from space 2048K, 81% used [0x00000000d5980000,0x00000000d5b20000,0x00000000d5b80000)
  to   space 2048K, 0% used [0x00000000d5780000,0x00000000d5780000,0x00000000d5980000)
 ParOldGen       total 1232896K, used 1232476K [0x0000000080000000, 0x00000000cb400000, 0x00000000d5580000)
  object space 1232896K, 99% used [0x0000000080000000,0x00000000cb397350,0x00000000cb400000)
 Metaspace       used 91609K, committed 93568K, reserved 1179648K
  class space    used 11260K, committed 12160K, reserved 1048576K
}
Event: 325.065 GC heap after
{Heap after GC invocations=3194 (full 4):
 PSYoungGen      total 4096K, used 2048K [0x00000000d5580000, 0x00000000d6000000, 0x0000000100000000)
  eden space 2048K, 0% used [0x00000000d5580000,0x00000000d5580000,0x00000000d5780000)
  from space 2048K, 100% used [0x00000000d5780000,0x00000000d5980000,0x00000000d5980000)
  to   space 4096K, 0% used [0x00000000d5c00000,0x00000000d5c00000,0x00000000d6000000)
 ParOldGen       total 1234432K, used 1234124K [0x0000000080000000, 0x00000000cb580000, 0x00000000d5580000)
  object space 1234432K, 99% used [0x0000000080000000,0x00000000cb533350,0x00000000cb580000)
 Metaspace       used 91609K, committed 93568K, reserved 1179648K
  class space    used 11260K, committed 12160K, reserved 1048576K
}
Event: 325.125 GC heap before
{Heap before GC invocations=3195 (full 4):
 PSYoungGen      total 4096K, used 3653K [0x00000000d5580000, 0x00000000d6000000, 0x0000000100000000)
  eden space 2048K, 78% used [0x00000000d5580000,0x00000000d5711548,0x00000000d5780000)
  from space 2048K, 100% used [0x00000000d5780000,0x00000000d5980000,0x00000000d5980000)
  to   space 4096K, 0% used [0x00000000d5c00000,0x00000000d5c00000,0x00000000d6000000)
 ParOldGen       total 1234432K, used 1234124K [0x0000000080000000, 0x00000000cb580000, 0x00000000d5580000)
  object space 1234432K, 99% used [0x0000000080000000,0x00000000cb533350,0x00000000cb580000)
 Metaspace       used 91609K, committed 93568K, reserved 1179648K
  class space    used 11260K, committed 12160K, reserved 1048576K
}
Event: 325.133 GC heap after
{Heap after GC invocations=3195 (full 4):
 PSYoungGen      total 4608K, used 1632K [0x00000000d5580000, 0x00000000d5e00000, 0x0000000100000000)
  eden space 2560K, 0% used [0x00000000d5580000,0x00000000d5580000,0x00000000d5800000)
  from space 2048K, 79% used [0x00000000d5c00000,0x00000000d5d98000,0x00000000d5e00000)
  to   space 2560K, 0% used [0x00000000d5900000,0x00000000d5900000,0x00000000d5b80000)
 ParOldGen       total 1236480K, used 1236188K [0x0000000080000000, 0x00000000cb780000, 0x00000000d5580000)
  object space 1236480K, 99% used [0x0000000080000000,0x00000000cb737350,0x00000000cb780000)
 Metaspace       used 91609K, committed 93568K, reserved 1179648K
  class space    used 11260K, committed 12160K, reserved 1048576K
}
Event: 325.190 GC heap before
{Heap before GC invocations=3196 (full 4):
 PSYoungGen      total 4608K, used 4192K [0x00000000d5580000, 0x00000000d5e00000, 0x0000000100000000)
  eden space 2560K, 100% used [0x00000000d5580000,0x00000000d5800000,0x00000000d5800000)
  from space 2048K, 79% used [0x00000000d5c00000,0x00000000d5d98000,0x00000000d5e00000)
  to   space 2560K, 0% used [0x00000000d5900000,0x00000000d5900000,0x00000000d5b80000)
 ParOldGen       total 1236480K, used 1236188K [0x0000000080000000, 0x00000000cb780000, 0x00000000d5580000)
  object space 1236480K, 99% used [0x0000000080000000,0x00000000cb737350,0x00000000cb780000)
 Metaspace       used 91609K, committed 93568K, reserved 1179648K
  class space    used 11260K, committed 12160K, reserved 1048576K
}
Event: 325.199 GC heap after
{Heap after GC invocations=3196 (full 4):
 PSYoungGen      total 5632K, used 2552K [0x00000000d5580000, 0x00000000d6180000, 0x0000000100000000)
  eden space 3072K, 0% used [0x00000000d5580000,0x00000000d5580000,0x00000000d5880000)
  from space 2560K, 99% used [0x00000000d5900000,0x00000000d5b7e000,0x00000000d5b80000)
  to   space 4608K, 0% used [0x00000000d5d00000,0x00000000d5d00000,0x00000000d6180000)
 ParOldGen       total 1238016K, used 1237628K [0x0000000080000000, 0x00000000cb900000, 0x00000000d5580000)
  object space 1238016K, 99% used [0x0000000080000000,0x00000000cb89f350,0x00000000cb900000)
 Metaspace       used 91609K, committed 93568K, reserved 1179648K
  class space    used 11260K, committed 12160K, reserved 1048576K
}
Event: 325.446 GC heap before
{Heap before GC invocations=3197 (full 4):
 PSYoungGen      total 5632K, used 5624K [0x00000000d5580000, 0x00000000d6180000, 0x0000000100000000)
  eden space 3072K, 100% used [0x00000000d5580000,0x00000000d5880000,0x00000000d5880000)
  from space 2560K, 99% used [0x00000000d5900000,0x00000000d5b7e000,0x00000000d5b80000)
  to   space 4608K, 0% used [0x00000000d5d00000,0x00000000d5d00000,0x00000000d6180000)
 ParOldGen       total 1238016K, used 1237628K [0x0000000080000000, 0x00000000cb900000, 0x00000000d5580000)
  object space 1238016K, 99% used [0x0000000080000000,0x00000000cb89f350,0x00000000cb900000)
 Metaspace       used 91610K, committed 93568K, reserved 1179648K
  class space    used 11260K, committed 12160K, reserved 1048576K
}
Event: 325.460 GC heap after
{Heap after GC invocations=3197 (full 4):
 PSYoungGen      total 7680K, used 2592K [0x00000000d5580000, 0x00000000d6080000, 0x0000000100000000)
  eden space 4096K, 0% used [0x00000000d5580000,0x00000000d5580000,0x00000000d5980000)
  from space 3584K, 72% used [0x00000000d5d00000,0x00000000d5f88000,0x00000000d6080000)
  to   space 3584K, 0% used [0x00000000d5980000,0x00000000d5980000,0x00000000d5d00000)
 ParOldGen       total 1242112K, used 1241668K [0x0000000080000000, 0x00000000cbd00000, 0x00000000d5580000)
  object space 1242112K, 99% used [0x0000000080000000,0x00000000cbc91350,0x00000000cbd00000)
 Metaspace       used 91610K, committed 93568K, reserved 1179648K
  class space    used 11260K, committed 12160K, reserved 1048576K
}
Event: 325.696 GC heap before
{Heap before GC invocations=3198 (full 4):
 PSYoungGen      total 7680K, used 6688K [0x00000000d5580000, 0x00000000d6080000, 0x0000000100000000)
  eden space 4096K, 100% used [0x00000000d5580000,0x00000000d5980000,0x00000000d5980000)
  from space 3584K, 72% used [0x00000000d5d00000,0x00000000d5f88000,0x00000000d6080000)
  to   space 3584K, 0% used [0x00000000d5980000,0x00000000d5980000,0x00000000d5d00000)
 ParOldGen       total 1242112K, used 1241668K [0x0000000080000000, 0x00000000cbd00000, 0x00000000d5580000)
  object space 1242112K, 99% used [0x0000000080000000,0x00000000cbc91350,0x00000000cbd00000)
 Metaspace       used 91610K, committed 93568K, reserved 1179648K
  class space    used 11260K, committed 12160K, reserved 1048576K
}
Event: 325.710 GC heap after
{Heap after GC invocations=3198 (full 4):
 PSYoungGen      total 7680K, used 2456K [0x00000000d5580000, 0x00000000d6080000, 0x0000000100000000)
  eden space 4096K, 0% used [0x00000000d5580000,0x00000000d5580000,0x00000000d5980000)
  from space 3584K, 68% used [0x00000000d5980000,0x00000000d5be6000,0x00000000d5d00000)
  to   space 3072K, 0% used [0x00000000d5d80000,0x00000000d5d80000,0x00000000d6080000)
 ParOldGen       total 1246208K, used 1245740K [0x0000000080000000, 0x00000000cc100000, 0x00000000d5580000)
  object space 1246208K, 99% used [0x0000000080000000,0x00000000cc08b350,0x00000000cc100000)
 Metaspace       used 91610K, committed 93568K, reserved 1179648K
  class space    used 11260K, committed 12160K, reserved 1048576K
}
Event: 326.536 GC heap before
{Heap before GC invocations=3199 (full 4):
 PSYoungGen      total 7680K, used 6552K [0x00000000d5580000, 0x00000000d6080000, 0x0000000100000000)
  eden space 4096K, 100% used [0x00000000d5580000,0x00000000d5980000,0x00000000d5980000)
  from space 3584K, 68% used [0x00000000d5980000,0x00000000d5be6000,0x00000000d5d00000)
  to   space 3072K, 0% used [0x00000000d5d80000,0x00000000d5d80000,0x00000000d6080000)
 ParOldGen       total 1246208K, used 1245740K [0x0000000080000000, 0x00000000cc100000, 0x00000000d5580000)
  object space 1246208K, 99% used [0x0000000080000000,0x00000000cc08b350,0x00000000cc100000)
 Metaspace       used 91636K, committed 93568K, reserved 1179648K
  class space    used 11264K, committed 12160K, reserved 1048576K
}
Event: 326.553 GC heap after
{Heap after GC invocations=3199 (full 4):
 PSYoungGen      total 6656K, used 2272K [0x00000000d5580000, 0x00000000d6000000, 0x0000000100000000)
  eden space 4096K, 0% used [0x00000000d5580000,0x00000000d5580000,0x00000000d5980000)
  from space 2560K, 88% used [0x00000000d5d80000,0x00000000d5fb8000,0x00000000d6000000)
  to   space 2560K, 0% used [0x00000000d5b00000,0x00000000d5b00000,0x00000000d5d80000)
 ParOldGen       total 1248256K, used 1247988K [0x0000000080000000, 0x00000000cc300000, 0x00000000d5580000)
  object space 1248256K, 99% used [0x0000000080000000,0x00000000cc2bd350,0x00000000cc300000)
 Metaspace       used 91636K, committed 93568K, reserved 1179648K
  class space    used 11264K, committed 12160K, reserved 1048576K
}
Event: 327.043 GC heap before
{Heap before GC invocations=3200 (full 4):
 PSYoungGen      total 6656K, used 6367K [0x00000000d5580000, 0x00000000d6000000, 0x0000000100000000)
  eden space 4096K, 99% used [0x00000000d5580000,0x00000000d597fff8,0x00000000d5980000)
  from space 2560K, 88% used [0x00000000d5d80000,0x00000000d5fb8000,0x00000000d6000000)
  to   space 2560K, 0% used [0x00000000d5b00000,0x00000000d5b00000,0x00000000d5d80000)
 ParOldGen       total 1248256K, used 1247988K [0x0000000080000000, 0x00000000cc300000, 0x00000000d5580000)
  object space 1248256K, 99% used [0x0000000080000000,0x00000000cc2bd350,0x00000000cc300000)
 Metaspace       used 91655K, committed 93568K, reserved 1179648K
  class space    used 11264K, committed 12160K, reserved 1048576K
}
Event: 327.058 GC heap after
{Heap after GC invocations=3200 (full 4):
 PSYoungGen      total 6144K, used 1586K [0x00000000d5580000, 0x00000000d5e00000, 0x0000000100000000)
  eden space 4096K, 0% used [0x00000000d5580000,0x00000000d5580000,0x00000000d5980000)
  from space 2048K, 77% used [0x00000000d5b00000,0x00000000d5c8c960,0x00000000d5d00000)
  to   space 1024K, 0% used [0x00000000d5d00000,0x00000000d5d00000,0x00000000d5e00000)
 ParOldGen       total 1250304K, used 1250052K [0x0000000080000000, 0x00000000cc500000, 0x00000000d5580000)
  object space 1250304K, 99% used [0x0000000080000000,0x00000000cc4c1048,0x00000000cc500000)
 Metaspace       used 91655K, committed 93568K, reserved 1179648K
  class space    used 11264K, committed 12160K, reserved 1048576K
}
Event: 327.356 GC heap before
{Heap before GC invocations=3201 (full 4):
 PSYoungGen      total 6144K, used 5682K [0x00000000d5580000, 0x00000000d5e00000, 0x0000000100000000)
  eden space 4096K, 100% used [0x00000000d5580000,0x00000000d5980000,0x00000000d5980000)
  from space 2048K, 77% used [0x00000000d5b00000,0x00000000d5c8c960,0x00000000d5d00000)
  to   space 1024K, 0% used [0x00000000d5d00000,0x00000000d5d00000,0x00000000d5e00000)
 ParOldGen       total 1250304K, used 1250052K [0x0000000080000000, 0x00000000cc500000, 0x00000000d5580000)
  object space 1250304K, 99% used [0x0000000080000000,0x00000000cc4c1048,0x00000000cc500000)
 Metaspace       used 91679K, committed 93632K, reserved 1179648K
  class space    used 11265K, committed 12160K, reserved 1048576K
}
Event: 327.408 GC heap after
{Heap after GC invocations=3201 (full 4):
 PSYoungGen      total 5120K, used 993K [0x00000000d5580000, 0x00000000d6080000, 0x0000000100000000)
  eden space 4096K, 0% used [0x00000000d5580000,0x00000000d5580000,0x00000000d5980000)
  from space 1024K, 96% used [0x00000000d5d00000,0x00000000d5df8510,0x00000000d5e00000)
  to   space 3584K, 0% used [0x00000000d5980000,0x00000000d5980000,0x00000000d5d00000)
 ParOldGen       total 1252352K, used 1252110K [0x0000000080000000, 0x00000000cc700000, 0x00000000d5580000)
  object space 1252352K, 99% used [0x0000000080000000,0x00000000cc6c39a0,0x00000000cc700000)
 Metaspace       used 91679K, committed 93632K, reserved 1179648K
  class space    used 11265K, committed 12160K, reserved 1048576K
}
Event: 328.151 GC heap before
{Heap before GC invocations=3202 (full 4):
 PSYoungGen      total 5120K, used 5089K [0x00000000d5580000, 0x00000000d6080000, 0x0000000100000000)
  eden space 4096K, 100% used [0x00000000d5580000,0x00000000d5980000,0x00000000d5980000)
  from space 1024K, 96% used [0x00000000d5d00000,0x00000000d5df8510,0x00000000d5e00000)
  to   space 3584K, 0% used [0x00000000d5980000,0x00000000d5980000,0x00000000d5d00000)
 ParOldGen       total 1252352K, used 1252110K [0x0000000080000000, 0x00000000cc700000, 0x00000000d5580000)
  object space 1252352K, 99% used [0x0000000080000000,0x00000000cc6c39a0,0x00000000cc700000)
 Metaspace       used 91722K, committed 93632K, reserved 1179648K
  class space    used 11265K, committed 12160K, reserved 1048576K
}
Event: 328.165 GC heap after
{Heap after GC invocations=3202 (full 4):
 PSYoungGen      total 6144K, used 1554K [0x00000000d5580000, 0x00000000d5e80000, 0x0000000100000000)
  eden space 4096K, 0% used [0x00000000d5580000,0x00000000d5580000,0x00000000d5980000)
  from space 2048K, 75% used [0x00000000d5980000,0x00000000d5b04bb8,0x00000000d5b80000)
  to   space 2560K, 0% used [0x00000000d5c00000,0x00000000d5c00000,0x00000000d5e80000)
 ParOldGen       total 1253376K, used 1253256K [0x0000000080000000, 0x00000000cc800000, 0x00000000d5580000)
  object space 1253376K, 99% used [0x0000000080000000,0x00000000cc7e2108,0x00000000cc800000)
 Metaspace       used 91722K, committed 93632K, reserved 1179648K
  class space    used 11265K, committed 12160K, reserved 1048576K
}
Event: 328.703 GC heap before
{Heap before GC invocations=3203 (full 4):
 PSYoungGen      total 6144K, used 5650K [0x00000000d5580000, 0x00000000d5e80000, 0x0000000100000000)
  eden space 4096K, 100% used [0x00000000d5580000,0x00000000d5980000,0x00000000d5980000)
  from space 2048K, 75% used [0x00000000d5980000,0x00000000d5b04bb8,0x00000000d5b80000)
  to   space 2560K, 0% used [0x00000000d5c00000,0x00000000d5c00000,0x00000000d5e80000)
 ParOldGen       total 1253376K, used 1253256K [0x0000000080000000, 0x00000000cc800000, 0x00000000d5580000)
  object space 1253376K, 99% used [0x0000000080000000,0x00000000cc7e2108,0x00000000cc800000)
 Metaspace       used 91757K, committed 93696K, reserved 1179648K
  class space    used 11266K, committed 12160K, reserved 1048576K
}
Event: 328.712 GC heap after
{Heap after GC invocations=3203 (full 4):
 PSYoungGen      total 6144K, used 1643K [0x00000000d5580000, 0x00000000d5e00000, 0x0000000100000000)
  eden space 4096K, 0% used [0x00000000d5580000,0x00000000d5580000,0x00000000d5980000)
  from space 2048K, 80% used [0x00000000d5c00000,0x00000000d5d9ac18,0x00000000d5e00000)
  to   space 2048K, 0% used [0x00000000d5980000,0x00000000d5980000,0x00000000d5b80000)
 ParOldGen       total 1254912K, used 1254555K [0x0000000080000000, 0x00000000cc980000, 0x00000000d5580000)
  object space 1254912K, 99% used [0x0000000080000000,0x00000000cc926e38,0x00000000cc980000)
 Metaspace       used 91757K, committed 93696K, reserved 1179648K
  class space    used 11266K, committed 12160K, reserved 1048576K
}

