# JRE version: OpenJDK Runtime Environment Temurin-21.0.8+9 (21.0.8+9) (build 21.0.8+9-LTS)
# Java VM: OpenJDK 64-Bit Server VM Temurin-21.0.8+9 (21.0.8+9-LTS, mixed mode, sharing, tiered, compressed oops, compressed class ptrs, parallel gc, windows-amd64)
GC Precious Log:
 CardTable entry size: 512
 CPUs: 16 total, 16 available
 Memory: 7597M
 Large Page Support: Disabled
 NUMA Support: Disabled
 Compressed Oops: Enabled (32-bit)
 Alignments: Space 512K, Generation 512K, Heap 2M
 Heap Min Capacity: 100M
 Heap Initial Capacity: 100M
 Heap Max Capacity: 2G
 Pre-touch: Disabled
 Parallel Workers: 13
Heap:
 PSYoungGen      total 1536K, used 1275K [0x00000000d5580000, 0x00000000d5780000, 0x0000000100000000)
  eden space 1024K, 96% used [0x00000000d5580000,0x00000000d5676ef8,0x00000000d5680000)
  from space 512K, 56% used [0x00000000d5700000,0x00000000d5748000,0x00000000d5780000)
  to   space 512K, 98% used [0x00000000d5680000,0x00000000d56fdb78,0x00000000d5700000)
 ParOldGen       total 443904K, used 443855K [0x0000000080000000, 0x000000009b180000, 0x00000000d5580000)
  object space 443904K, 99% used [0x0000000080000000,0x000000009b173e18,0x000000009b180000)
 Metaspace       used 75922K, committed 77440K, reserved 1179648K
  class space    used 9613K, committed 10240K, reserved 1048576K
GC Heap History (20 events):
Event: 99.279 GC heap after
{Heap after GC invocations=1645 (full 4):
 PSYoungGen      total 1024K, used 480K [0x00000000d5580000, 0x00000000d5800000, 0x0000000100000000)
  eden space 512K, 0% used [0x00000000d5580000,0x00000000d5580000,0x00000000d5600000)
  from space 512K, 93% used [0x00000000d5600000,0x00000000d5678000,0x00000000d5680000)
  to   space 1024K, 0% used [0x00000000d5700000,0x00000000d5700000,0x00000000d5800000)
 ParOldGen       total 441344K, used 441204K [0x0000000080000000, 0x000000009af00000, 0x00000000d5580000)
  object space 441344K, 99% used [0x0000000080000000,0x000000009aedd3b8,0x000000009af00000)
 Metaspace       used 75254K, committed 76800K, reserved 1179648K
  class space    used 9532K, committed 10176K, reserved 1048576K
}
Event: 99.286 GC heap before
{Heap before GC invocations=1646 (full 4):
 PSYoungGen      total 1024K, used 950K [0x00000000d5580000, 0x00000000d5800000, 0x0000000100000000)
  eden space 512K, 91% used [0x00000000d5580000,0x00000000d55f5808,0x00000000d5600000)
  from space 512K, 93% used [0x00000000d5600000,0x00000000d5678000,0x00000000d5680000)
  to   space 1024K, 0% used [0x00000000d5700000,0x00000000d5700000,0x00000000d5800000)
 ParOldGen       total 441344K, used 441204K [0x0000000080000000, 0x000000009af00000, 0x00000000d5580000)
  object space 441344K, 99% used [0x0000000080000000,0x000000009aedd3b8,0x000000009af00000)
 Metaspace       used 75254K, committed 76800K, reserved 1179648K
  class space    used 9532K, committed 10176K, reserved 1048576K
}
Event: 99.289 GC heap after
{Heap after GC invocations=1646 (full 4):
 PSYoungGen      total 1536K, used 512K [0x00000000d5580000, 0x00000000d5800000, 0x0000000100000000)
  eden space 512K, 0% used [0x00000000d5580000,0x00000000d5580000,0x00000000d5600000)
  from space 1024K, 50% used [0x00000000d5700000,0x00000000d5780000,0x00000000d5800000)
  to   space 1024K, 0% used [0x00000000d5600000,0x00000000d5600000,0x00000000d5700000)
 ParOldGen       total 441856K, used 441572K [0x0000000080000000, 0x000000009af80000, 0x00000000d5580000)
  object space 441856K, 99% used [0x0000000080000000,0x000000009af393b8,0x000000009af80000)
 Metaspace       used 75254K, committed 76800K, reserved 1179648K
  class space    used 9532K, committed 10176K, reserved 1048576K
}
Event: 99.301 GC heap before
{Heap before GC invocations=1647 (full 4):
 PSYoungGen      total 1536K, used 1023K [0x00000000d5580000, 0x00000000d5800000, 0x0000000100000000)
  eden space 512K, 99% used [0x00000000d5580000,0x00000000d55ffff8,0x00000000d5600000)
  from space 1024K, 50% used [0x00000000d5700000,0x00000000d5780000,0x00000000d5800000)
  to   space 1024K, 0% used [0x00000000d5600000,0x00000000d5600000,0x00000000d5700000)
 ParOldGen       total 441856K, used 441572K [0x0000000080000000, 0x000000009af80000, 0x00000000d5580000)
  object space 441856K, 99% used [0x0000000080000000,0x000000009af393b8,0x000000009af80000)
 Metaspace       used 75254K, committed 76800K, reserved 1179648K
  class space    used 9532K, committed 10176K, reserved 1048576K
}
Event: 99.304 GC heap after
{Heap after GC invocations=1647 (full 4):
 PSYoungGen      total 1536K, used 512K [0x00000000d5580000, 0x00000000d5800000, 0x0000000100000000)
  eden space 512K, 0% used [0x00000000d5580000,0x00000000d5580000,0x00000000d5600000)
  from space 1024K, 50% used [0x00000000d5600000,0x00000000d5680000,0x00000000d5700000)
  to   space 1024K, 0% used [0x00000000d5700000,0x00000000d5700000,0x00000000d5800000)
 ParOldGen       total 442368K, used 441916K [0x0000000080000000, 0x000000009b000000, 0x00000000d5580000)
  object space 442368K, 99% used [0x0000000080000000,0x000000009af8f3b8,0x000000009b000000)
 Metaspace       used 75254K, committed 76800K, reserved 1179648K
  class space    used 9532K, committed 10176K, reserved 1048576K
}
Event: 99.313 GC heap before
{Heap before GC invocations=1648 (full 4):
 PSYoungGen      total 1536K, used 1024K [0x00000000d5580000, 0x00000000d5800000, 0x0000000100000000)
  eden space 512K, 100% used [0x00000000d5580000,0x00000000d5600000,0x00000000d5600000)
  from space 1024K, 50% used [0x00000000d5600000,0x00000000d5680000,0x00000000d5700000)
  to   space 1024K, 0% used [0x00000000d5700000,0x00000000d5700000,0x00000000d5800000)
 ParOldGen       total 442368K, used 441916K [0x0000000080000000, 0x000000009b000000, 0x00000000d5580000)
  object space 442368K, 99% used [0x0000000080000000,0x000000009af8f3b8,0x000000009b000000)
 Metaspace       used 75254K, committed 76800K, reserved 1179648K
  class space    used 9532K, committed 10176K, reserved 1048576K
}
Event: 99.316 GC heap after
{Heap after GC invocations=1648 (full 4):
 PSYoungGen      total 1536K, used 512K [0x00000000d5580000, 0x00000000d5800000, 0x0000000100000000)
  eden space 512K, 0% used [0x00000000d5580000,0x00000000d5580000,0x00000000d5600000)
  from space 1024K, 50% used [0x00000000d5700000,0x00000000d5780000,0x00000000d5800000)
  to   space 1024K, 0% used [0x00000000d5600000,0x00000000d5600000,0x00000000d5700000)
 ParOldGen       total 442368K, used 442236K [0x0000000080000000, 0x000000009b000000, 0x00000000d5580000)
  object space 442368K, 99% used [0x0000000080000000,0x000000009afdf3b8,0x000000009b000000)
 Metaspace       used 75254K, committed 76800K, reserved 1179648K
  class space    used 9532K, committed 10176K, reserved 1048576K
}
Event: 99.413 GC heap before
{Heap before GC invocations=1649 (full 4):
 PSYoungGen      total 1536K, used 1007K [0x00000000d5580000, 0x00000000d5800000, 0x0000000100000000)
  eden space 512K, 96% used [0x00000000d5580000,0x00000000d55fbee0,0x00000000d5600000)
  from space 1024K, 50% used [0x00000000d5700000,0x00000000d5780000,0x00000000d5800000)
  to   space 1024K, 0% used [0x00000000d5600000,0x00000000d5600000,0x00000000d5700000)
 ParOldGen       total 442368K, used 442236K [0x0000000080000000, 0x000000009b000000, 0x00000000d5580000)
  object space 442368K, 99% used [0x0000000080000000,0x000000009afdf3b8,0x000000009b000000)
 Metaspace       used 75254K, committed 76800K, reserved 1179648K
  class space    used 9532K, committed 10176K, reserved 1048576K
}
Event: 99.416 GC heap after
{Heap after GC invocations=1649 (full 4):
 PSYoungGen      total 1536K, used 544K [0x00000000d5580000, 0x00000000d5800000, 0x0000000100000000)
  eden space 512K, 0% used [0x00000000d5580000,0x00000000d5580000,0x00000000d5600000)
  from space 1024K, 53% used [0x00000000d5600000,0x00000000d5688000,0x00000000d5700000)
  to   space 1024K, 0% used [0x00000000d5700000,0x00000000d5700000,0x00000000d5800000)
 ParOldGen       total 442880K, used 442644K [0x0000000080000000, 0x000000009b080000, 0x00000000d5580000)
  object space 442880K, 99% used [0x0000000080000000,0x000000009b0453b8,0x000000009b080000)
 Metaspace       used 75254K, committed 76800K, reserved 1179648K
  class space    used 9532K, committed 10176K, reserved 1048576K
}
Event: 99.755 GC heap before
{Heap before GC invocations=1650 (full 4):
 PSYoungGen      total 1536K, used 1056K [0x00000000d5580000, 0x00000000d5800000, 0x0000000100000000)
  eden space 512K, 100% used [0x00000000d5580000,0x00000000d5600000,0x00000000d5600000)
  from space 1024K, 53% used [0x00000000d5600000,0x00000000d5688000,0x00000000d5700000)
  to   space 1024K, 0% used [0x00000000d5700000,0x00000000d5700000,0x00000000d5800000)
 ParOldGen       total 442880K, used 442644K [0x0000000080000000, 0x000000009b080000, 0x00000000d5580000)
  object space 442880K, 99% used [0x0000000080000000,0x000000009b0453b8,0x000000009b080000)
 Metaspace       used 75258K, committed 76800K, reserved 1179648K
  class space    used 9533K, committed 10176K, reserved 1048576K
}
Event: 99.758 GC heap after
{Heap after GC invocations=1650 (full 4):
 PSYoungGen      total 1536K, used 256K [0x00000000d5580000, 0x00000000d5780000, 0x0000000100000000)
  eden space 1024K, 0% used [0x00000000d5580000,0x00000000d5580000,0x00000000d5680000)
  from space 512K, 50% used [0x00000000d5700000,0x00000000d5740000,0x00000000d5780000)
  to   space 512K, 0% used [0x00000000d5680000,0x00000000d5680000,0x00000000d5700000)
 ParOldGen       total 443392K, used 443020K [0x0000000080000000, 0x000000009b100000, 0x00000000d5580000)
  object space 443392K, 99% used [0x0000000080000000,0x000000009b0a33b8,0x000000009b100000)
 Metaspace       used 75258K, committed 76800K, reserved 1179648K
  class space    used 9533K, committed 10176K, reserved 1048576K
}
Event: 100.326 GC heap before
{Heap before GC invocations=1651 (full 4):
 PSYoungGen      total 1536K, used 1280K [0x00000000d5580000, 0x00000000d5780000, 0x0000000100000000)
  eden space 1024K, 100% used [0x00000000d5580000,0x00000000d5680000,0x00000000d5680000)
  from space 512K, 50% used [0x00000000d5700000,0x00000000d5740000,0x00000000d5780000)
  to   space 512K, 0% used [0x00000000d5680000,0x00000000d5680000,0x00000000d5700000)
 ParOldGen       total 443392K, used 443020K [0x0000000080000000, 0x000000009b100000, 0x00000000d5580000)
  object space 443392K, 99% used [0x0000000080000000,0x000000009b0a33b8,0x000000009b100000)
 Metaspace       used 75404K, committed 76928K, reserved 1179648K
  class space    used 9554K, committed 10176K, reserved 1048576K
}
Event: 100.330 GC heap after
{Heap after GC invocations=1651 (full 4):
 PSYoungGen      total 1536K, used 320K [0x00000000d5580000, 0x00000000d5780000, 0x0000000100000000)
  eden space 1024K, 0% used [0x00000000d5580000,0x00000000d5580000,0x00000000d5680000)
  from space 512K, 62% used [0x00000000d5680000,0x00000000d56d0000,0x00000000d5700000)
  to   space 512K, 0% used [0x00000000d5700000,0x00000000d5700000,0x00000000d5780000)
 ParOldGen       total 443392K, used 443076K [0x0000000080000000, 0x000000009b100000, 0x00000000d5580000)
  object space 443392K, 99% used [0x0000000080000000,0x000000009b0b13b8,0x000000009b100000)
 Metaspace       used 75404K, committed 76928K, reserved 1179648K
  class space    used 9554K, committed 10176K, reserved 1048576K
}
Event: 100.483 GC heap before
{Heap before GC invocations=1652 (full 4):
 PSYoungGen      total 1536K, used 1344K [0x00000000d5580000, 0x00000000d5780000, 0x0000000100000000)
  eden space 1024K, 100% used [0x00000000d5580000,0x00000000d5680000,0x00000000d5680000)
  from space 512K, 62% used [0x00000000d5680000,0x00000000d56d0000,0x00000000d5700000)
  to   space 512K, 0% used [0x00000000d5700000,0x00000000d5700000,0x00000000d5780000)
 ParOldGen       total 443392K, used 443076K [0x0000000080000000, 0x000000009b100000, 0x00000000d5580000)
  object space 443392K, 99% used [0x0000000080000000,0x000000009b0b13b8,0x000000009b100000)
 Metaspace       used 75574K, committed 77120K, reserved 1179648K
  class space    used 9583K, committed 10240K, reserved 1048576K
}
Event: 100.486 GC heap after
{Heap after GC invocations=1652 (full 4):
 PSYoungGen      total 1536K, used 352K [0x00000000d5580000, 0x00000000d5780000, 0x0000000100000000)
  eden space 1024K, 0% used [0x00000000d5580000,0x00000000d5580000,0x00000000d5680000)
  from space 512K, 68% used [0x00000000d5700000,0x00000000d5758000,0x00000000d5780000)
  to   space 512K, 0% used [0x00000000d5680000,0x00000000d5680000,0x00000000d5700000)
 ParOldGen       total 443392K, used 443201K [0x0000000080000000, 0x000000009b100000, 0x00000000d5580000)
  object space 443392K, 99% used [0x0000000080000000,0x000000009b0d0728,0x000000009b100000)
 Metaspace       used 75574K, committed 77120K, reserved 1179648K
  class space    used 9583K, committed 10240K, reserved 1048576K
}
Event: 100.574 GC heap before
{Heap before GC invocations=1653 (full 4):
 PSYoungGen      total 1536K, used 1346K [0x00000000d5580000, 0x00000000d5780000, 0x0000000100000000)
  eden space 1024K, 97% used [0x00000000d5580000,0x00000000d5678b68,0x00000000d5680000)
  from space 512K, 68% used [0x00000000d5700000,0x00000000d5758000,0x00000000d5780000)
  to   space 512K, 0% used [0x00000000d5680000,0x00000000d5680000,0x00000000d5700000)
 ParOldGen       total 443392K, used 443201K [0x0000000080000000, 0x000000009b100000, 0x00000000d5580000)
  object space 443392K, 99% used [0x0000000080000000,0x000000009b0d0728,0x000000009b100000)
 Metaspace       used 75674K, committed 77248K, reserved 1179648K
  class space    used 9595K, committed 10240K, reserved 1048576K
}
Event: 100.576 GC heap after
{Heap after GC invocations=1653 (full 4):
 PSYoungGen      total 1536K, used 384K [0x00000000d5580000, 0x00000000d5780000, 0x0000000100000000)
  eden space 1024K, 0% used [0x00000000d5580000,0x00000000d5580000,0x00000000d5680000)
  from space 512K, 75% used [0x00000000d5680000,0x00000000d56e0000,0x00000000d5700000)
  to   space 512K, 0% used [0x00000000d5700000,0x00000000d5700000,0x00000000d5780000)
 ParOldGen       total 443392K, used 443305K [0x0000000080000000, 0x000000009b100000, 0x00000000d5580000)
  object space 443392K, 99% used [0x0000000080000000,0x000000009b0ea728,0x000000009b100000)
 Metaspace       used 75674K, committed 77248K, reserved 1179648K
  class space    used 9595K, committed 10240K, reserved 1048576K
}
Event: 100.622 GC heap before
{Heap before GC invocations=1654 (full 4):
 PSYoungGen      total 1536K, used 1408K [0x00000000d5580000, 0x00000000d5780000, 0x0000000100000000)
  eden space 1024K, 100% used [0x00000000d5580000,0x00000000d5680000,0x00000000d5680000)
  from space 512K, 75% used [0x00000000d5680000,0x00000000d56e0000,0x00000000d5700000)
  to   space 512K, 0% used [0x00000000d5700000,0x00000000d5700000,0x00000000d5780000)
 ParOldGen       total 443392K, used 443305K [0x0000000080000000, 0x000000009b100000, 0x00000000d5580000)
  object space 443392K, 99% used [0x0000000080000000,0x000000009b0ea728,0x000000009b100000)
 Metaspace       used 75893K, committed 77440K, reserved 1179648K
  class space    used 9608K, committed 10240K, reserved 1048576K
}
Event: 100.624 GC heap after
{Heap after GC invocations=1654 (full 4):
 PSYoungGen      total 1536K, used 288K [0x00000000d5580000, 0x00000000d5780000, 0x0000000100000000)
  eden space 1024K, 0% used [0x00000000d5580000,0x00000000d5580000,0x00000000d5680000)
  from space 512K, 56% used [0x00000000d5700000,0x00000000d5748000,0x00000000d5780000)
  to   space 512K, 0% used [0x00000000d5680000,0x00000000d5680000,0x00000000d5700000)
 ParOldGen       total 443904K, used 443393K [0x0000000080000000, 0x000000009b180000, 0x00000000d5580000)
  object space 443904K, 99% used [0x0000000080000000,0x000000009b100728,0x000000009b180000)
 Metaspace       used 75893K, committed 77440K, reserved 1179648K
  class space    used 9608K, committed 10240K, reserved 1048576K
}
Event: 100.642 GC heap before
{Heap before GC invocations=1655 (full 4):
 PSYoungGen      total 1536K, used 1275K [0x00000000d5580000, 0x00000000d5780000, 0x0000000100000000)
  eden space 1024K, 96% used [0x00000000d5580000,0x00000000d5676ef8,0x00000000d5680000)
  from space 512K, 56% used [0x00000000d5700000,0x00000000d5748000,0x00000000d5780000)
  to   space 512K, 0% used [0x00000000d5680000,0x00000000d5680000,0x00000000d5700000)
 ParOldGen       total 443904K, used 443393K [0x0000000080000000, 0x000000009b180000, 0x00000000d5580000)
  object space 443904K, 99% used [0x0000000080000000,0x000000009b100728,0x000000009b180000)
 Metaspace       used 75922K, committed 77440K, reserved 1179648K
  class space    used 9613K, committed 10240K, reserved 1048576K
}

